[debug] [2022-03-23T15:55:36.342Z] ----------------------------------------------------------------------
[debug] [2022-03-23T15:55:36.343Z] Command:       /usr/local/bin/node /usr/local/bin/firebase deploy --only hosting
[debug] [2022-03-23T15:55:36.344Z] CLI Version:   10.1.2
[debug] [2022-03-23T15:55:36.344Z] Platform:      darwin
[debug] [2022-03-23T15:55:36.344Z] Node Version:  v16.13.0
[debug] [2022-03-23T15:55:36.345Z] Time:          Wed Mar 23 2022 12:55:36 GMT-0300 (Horário Padrão de Brasília)
[debug] [2022-03-23T15:55:36.345Z] ----------------------------------------------------------------------
[debug] 
[debug] [2022-03-23T15:55:36.347Z] >>> [apiv2][query] GET https://firebase-public.firebaseio.com/cli.json [none]
[debug] [2022-03-23T15:55:36.428Z] > command requires scopes: ["email","openid","https://www.googleapis.com/auth/cloudplatformprojects.readonly","https://www.googleapis.com/auth/firebase","https://www.googleapis.com/auth/cloud-platform"]
[debug] [2022-03-23T15:55:36.428Z] > authorizing via signed-in user (adriianoferrreira@gmail.com)
[debug] [2022-03-23T15:55:36.429Z] [iam] checking project baby-revelation-web for permissions ["firebase.projects.get","firebasehosting.sites.update"]
[debug] [2022-03-23T15:55:36.430Z] > refreshing access token with scopes: ["email","https://www.googleapis.com/auth/cloud-platform","https://www.googleapis.com/auth/cloudplatformprojects.readonly","https://www.googleapis.com/auth/firebase","openid"]
[debug] [2022-03-23T15:55:36.430Z] >>> HTTP REQUEST POST https://www.googleapis.com/oauth2/v3/token  
 <request body omitted>
[debug] [2022-03-23T15:55:36.615Z] <<< HTTP RESPONSE 200 {"expires":"Mon, 01 Jan 1990 00:00:00 GMT","date":"Wed, 23 Mar 2022 15:55:36 GMT","cache-control":"no-cache, no-store, max-age=0, must-revalidate","pragma":"no-cache","content-type":"application/json; charset=utf-8","vary":"X-Origin, Referer, Origin,Accept-Encoding","server":"scaffolding on HTTPServer2","x-xss-protection":"0","x-frame-options":"SAMEORIGIN","x-content-type-options":"nosniff","alt-svc":"h3=\":443\"; ma=2592000,h3-29=\":443\"; ma=2592000,h3-Q050=\":443\"; ma=2592000,h3-Q046=\":443\"; ma=2592000,h3-Q043=\":443\"; ma=2592000,quic=\":443\"; ma=2592000; v=\"46,43\"","accept-ranges":"none","transfer-encoding":"chunked"}
[debug] [2022-03-23T15:55:36.666Z] >>> HTTP REQUEST POST https://cloudresourcemanager.googleapis.com/v1/projects/baby-revelation-web:testIamPermissions  
 {"permissions":["firebase.projects.get","firebasehosting.sites.update"]}
[debug] [2022-03-23T15:55:36.985Z] <<< [apiv2][status] GET https://firebase-public.firebaseio.com/cli.json 200
[debug] [2022-03-23T15:55:36.985Z] <<< [apiv2][body] GET https://firebase-public.firebaseio.com/cli.json {"cloudBuildErrorAfter":1594252800000,"cloudBuildWarnAfter":1590019200000,"defaultNode10After":1594252800000,"minVersion":"3.0.5","node8DeploysDisabledAfter":1613390400000,"node8RuntimeDisabledAfter":1615809600000,"node8WarnAfter":1600128000000}
[debug] [2022-03-23T15:55:37.796Z] <<< HTTP RESPONSE 200 {"content-type":"application/json; charset=UTF-8","vary":"X-Origin, Referer, Origin,Accept-Encoding","date":"Wed, 23 Mar 2022 15:55:37 GMT","server":"ESF","cache-control":"private","x-xss-protection":"0","x-frame-options":"SAMEORIGIN","x-content-type-options":"nosniff","server-timing":"gfet4t7; dur=832","alt-svc":"h3=\":443\"; ma=2592000,h3-29=\":443\"; ma=2592000,h3-Q050=\":443\"; ma=2592000,h3-Q046=\":443\"; ma=2592000,h3-Q043=\":443\"; ma=2592000,quic=\":443\"; ma=2592000; v=\"46,43\"","accept-ranges":"none","transfer-encoding":"chunked"}
[debug] [2022-03-23T15:55:37.797Z] [iam] error while checking permissions, command may fail: FirebaseError: Authorization failed. This account is missing the following required permissions on project baby-revelation-web:

  firebase.projects.get
  firebasehosting.sites.update
[debug] [2022-03-23T15:55:37.797Z] > refreshing access token with scopes: []
[debug] [2022-03-23T15:55:37.798Z] >>> HTTP REQUEST POST https://www.googleapis.com/oauth2/v3/token  
 <request body omitted>
[debug] [2022-03-23T15:55:37.953Z] <<< HTTP RESPONSE 200 {"pragma":"no-cache","cache-control":"no-cache, no-store, max-age=0, must-revalidate","date":"Wed, 23 Mar 2022 15:55:38 GMT","expires":"Mon, 01 Jan 1990 00:00:00 GMT","content-type":"application/json; charset=utf-8","vary":"X-Origin, Referer, Origin,Accept-Encoding","server":"scaffolding on HTTPServer2","x-xss-protection":"0","x-frame-options":"SAMEORIGIN","x-content-type-options":"nosniff","alt-svc":"h3=\":443\"; ma=2592000,h3-29=\":443\"; ma=2592000,h3-Q050=\":443\"; ma=2592000,h3-Q046=\":443\"; ma=2592000,h3-Q043=\":443\"; ma=2592000,quic=\":443\"; ma=2592000; v=\"46,43\"","accept-ranges":"none","transfer-encoding":"chunked"}
[debug] [2022-03-23T15:55:38.002Z] >>> [apiv2][query] GET https://firebase.googleapis.com/v1beta1/projects/baby-revelation-web [none]
[debug] [2022-03-23T15:55:38.617Z] <<< [apiv2][status] GET https://firebase.googleapis.com/v1beta1/projects/baby-revelation-web 403
[debug] [2022-03-23T15:55:38.617Z] <<< [apiv2][body] GET https://firebase.googleapis.com/v1beta1/projects/baby-revelation-web {"error":{"code":403,"message":"The caller does not have permission","status":"PERMISSION_DENIED"}}
[debug] [2022-03-23T15:55:38.618Z] HTTP Error: 403, The caller does not have permission
[debug] [2022-03-23T15:55:38.769Z] FirebaseError: HTTP Error: 403, The caller does not have permission
    at module.exports (/Users/adrianopiro/.config/yarn/global/node_modules/firebase-tools/lib/responseToError.js:38:12)
    at Client.doRequest (/Users/adrianopiro/.config/yarn/global/node_modules/firebase-tools/lib/apiv2.js:241:23)
    at processTicksAndRejections (node:internal/process/task_queues:96:5)
    at async Client.request (/Users/adrianopiro/.config/yarn/global/node_modules/firebase-tools/lib/apiv2.js:96:20)
    at async getFirebaseProject (/Users/adrianopiro/.config/yarn/global/node_modules/firebase-tools/lib/management/projects.js:290:21)
    at async getDefaultHostingSite (/Users/adrianopiro/.config/yarn/global/node_modules/firebase-tools/lib/getDefaultHostingSite.js:8:21)
    at async requireHostingSite (/Users/adrianopiro/.config/yarn/global/node_modules/firebase-tools/lib/requireHostingSite.js:9:18)
    at async Object.fn (/Users/adrianopiro/.config/yarn/global/node_modules/firebase-tools/lib/commands/deploy.js:73:9)
    at async /Users/adrianopiro/.config/yarn/global/node_modules/firebase-tools/lib/command.js:188:17
[error] 
[error] Error: Failed to get Firebase project baby-revelation-web. Please make sure the project exists and your account has permission to access it.
[debug] [2022-03-23T16:04:38.984Z] ----------------------------------------------------------------------
[debug] [2022-03-23T16:04:38.985Z] Command:       /usr/local/bin/node /usr/local/bin/firebase deploy --only hosting
[debug] [2022-03-23T16:04:38.986Z] CLI Version:   10.1.2
[debug] [2022-03-23T16:04:38.986Z] Platform:      darwin
[debug] [2022-03-23T16:04:38.986Z] Node Version:  v16.13.0
[debug] [2022-03-23T16:04:38.987Z] Time:          Wed Mar 23 2022 13:04:38 GMT-0300 (Horário Padrão de Brasília)
[debug] [2022-03-23T16:04:38.987Z] ----------------------------------------------------------------------
[debug] 
[debug] [2022-03-23T16:04:39.056Z] > command requires scopes: ["email","openid","https://www.googleapis.com/auth/cloudplatformprojects.readonly","https://www.googleapis.com/auth/firebase","https://www.googleapis.com/auth/cloud-platform"]
[debug] [2022-03-23T16:04:39.056Z] > authorizing via signed-in user (adriianoferrreira@gmail.com)
[debug] [2022-03-23T16:04:39.056Z] [iam] checking project baby-revelation-web for permissions ["firebase.projects.get","firebasehosting.sites.update"]
[debug] [2022-03-23T16:04:39.058Z] > refreshing access token with scopes: ["email","https://www.googleapis.com/auth/cloud-platform","https://www.googleapis.com/auth/cloudplatformprojects.readonly","https://www.googleapis.com/auth/firebase","openid"]
[debug] [2022-03-23T16:04:39.058Z] >>> HTTP REQUEST POST https://www.googleapis.com/oauth2/v3/token  
 <request body omitted>
[debug] [2022-03-23T16:04:39.253Z] <<< HTTP RESPONSE 200 {"pragma":"no-cache","expires":"Mon, 01 Jan 1990 00:00:00 GMT","date":"Wed, 23 Mar 2022 16:04:39 GMT","cache-control":"no-cache, no-store, max-age=0, must-revalidate","content-type":"application/json; charset=utf-8","vary":"X-Origin, Referer, Origin,Accept-Encoding","server":"scaffolding on HTTPServer2","x-xss-protection":"0","x-frame-options":"SAMEORIGIN","x-content-type-options":"nosniff","alt-svc":"h3=\":443\"; ma=2592000,h3-29=\":443\"; ma=2592000,h3-Q050=\":443\"; ma=2592000,h3-Q046=\":443\"; ma=2592000,h3-Q043=\":443\"; ma=2592000,quic=\":443\"; ma=2592000; v=\"46,43\"","accept-ranges":"none","transfer-encoding":"chunked"}
[debug] [2022-03-23T16:04:39.303Z] >>> HTTP REQUEST POST https://cloudresourcemanager.googleapis.com/v1/projects/baby-revelation-web:testIamPermissions  
 {"permissions":["firebase.projects.get","firebasehosting.sites.update"]}
[debug] [2022-03-23T16:04:40.355Z] <<< HTTP RESPONSE 200 {"content-type":"application/json; charset=UTF-8","vary":"X-Origin, Referer, Origin,Accept-Encoding","date":"Wed, 23 Mar 2022 16:04:40 GMT","server":"ESF","cache-control":"private","x-xss-protection":"0","x-frame-options":"SAMEORIGIN","x-content-type-options":"nosniff","server-timing":"gfet4t7; dur=796","alt-svc":"h3=\":443\"; ma=2592000,h3-29=\":443\"; ma=2592000,h3-Q050=\":443\"; ma=2592000,h3-Q046=\":443\"; ma=2592000,h3-Q043=\":443\"; ma=2592000,quic=\":443\"; ma=2592000; v=\"46,43\"","accept-ranges":"none","transfer-encoding":"chunked"}
[debug] [2022-03-23T16:04:40.356Z] [iam] error while checking permissions, command may fail: FirebaseError: Authorization failed. This account is missing the following required permissions on project baby-revelation-web:

  firebase.projects.get
  firebasehosting.sites.update
[debug] [2022-03-23T16:04:40.357Z] > refreshing access token with scopes: []
[debug] [2022-03-23T16:04:40.357Z] >>> HTTP REQUEST POST https://www.googleapis.com/oauth2/v3/token  
 <request body omitted>
[debug] [2022-03-23T16:04:40.515Z] <<< HTTP RESPONSE 200 {"date":"Wed, 23 Mar 2022 16:04:40 GMT","cache-control":"no-cache, no-store, max-age=0, must-revalidate","expires":"Mon, 01 Jan 1990 00:00:00 GMT","pragma":"no-cache","content-type":"application/json; charset=utf-8","vary":"X-Origin, Referer, Origin,Accept-Encoding","server":"scaffolding on HTTPServer2","x-xss-protection":"0","x-frame-options":"SAMEORIGIN","x-content-type-options":"nosniff","alt-svc":"h3=\":443\"; ma=2592000,h3-29=\":443\"; ma=2592000,h3-Q050=\":443\"; ma=2592000,h3-Q046=\":443\"; ma=2592000,h3-Q043=\":443\"; ma=2592000,quic=\":443\"; ma=2592000; v=\"46,43\"","accept-ranges":"none","transfer-encoding":"chunked"}
[debug] [2022-03-23T16:04:40.570Z] >>> [apiv2][query] GET https://firebase.googleapis.com/v1beta1/projects/baby-revelation-web [none]
[debug] [2022-03-23T16:04:41.629Z] <<< [apiv2][status] GET https://firebase.googleapis.com/v1beta1/projects/baby-revelation-web 403
[debug] [2022-03-23T16:04:41.629Z] <<< [apiv2][body] GET https://firebase.googleapis.com/v1beta1/projects/baby-revelation-web {"error":{"code":403,"message":"The caller does not have permission","status":"PERMISSION_DENIED"}}
[debug] [2022-03-23T16:04:41.629Z] HTTP Error: 403, The caller does not have permission
[debug] [2022-03-23T16:04:41.785Z] FirebaseError: HTTP Error: 403, The caller does not have permission
    at module.exports (/Users/adrianopiro/.config/yarn/global/node_modules/firebase-tools/lib/responseToError.js:38:12)
    at Client.doRequest (/Users/adrianopiro/.config/yarn/global/node_modules/firebase-tools/lib/apiv2.js:241:23)
    at processTicksAndRejections (node:internal/process/task_queues:96:5)
    at async Client.request (/Users/adrianopiro/.config/yarn/global/node_modules/firebase-tools/lib/apiv2.js:96:20)
    at async getFirebaseProject (/Users/adrianopiro/.config/yarn/global/node_modules/firebase-tools/lib/management/projects.js:290:21)
    at async getDefaultHostingSite (/Users/adrianopiro/.config/yarn/global/node_modules/firebase-tools/lib/getDefaultHostingSite.js:8:21)
    at async requireHostingSite (/Users/adrianopiro/.config/yarn/global/node_modules/firebase-tools/lib/requireHostingSite.js:9:18)
    at async Object.fn (/Users/adrianopiro/.config/yarn/global/node_modules/firebase-tools/lib/commands/deploy.js:73:9)
    at async /Users/adrianopiro/.config/yarn/global/node_modules/firebase-tools/lib/command.js:188:17
[error] 
[error] Error: Failed to get Firebase project baby-revelation-web. Please make sure the project exists and your account has permission to access it.
